<?xml version="1.0" encoding="UTF-8"?>
<!-- Generated by org.testng.reporters.JUnitReportReporter -->
<testsuite hostname="LAXMAN" failures="1" tests="11" name="cucumber.options.TestRunner" time="66.789" errors="0" timestamp="2024-02-05T13:57:10 IST" skipped="0">
  <testcase classname="cucumber.options.TestRunner" name="runScenario" time="7.901"/>
  <testcase classname="cucumber.options.TestRunner" name="runScenario" time="7.397"/>
  <testcase classname="cucumber.options.TestRunner" name="runScenario" time="2.920"/>
  <testcase classname="cucumber.options.TestRunner" name="runScenario" time="7.730"/>
  <testcase classname="cucumber.options.TestRunner" name="runScenario" time="15.141">
    <failure message="expected [THANK YOU FOR YOUR ORDE] but found [THANK YOU FOR YOUR ORDER]" type="java.lang.AssertionError">
      <![CDATA[java.lang.AssertionError: expected [THANK YOU FOR YOUR ORDE] but found [THANK YOU FOR YOUR ORDER]
at org.testng.Assert.fail(Assert.java:111)
at org.testng.Assert.failNotEquals(Assert.java:1578)
at org.testng.Assert.assertEqualsImpl(Assert.java:150)
at org.testng.Assert.assertEquals(Assert.java:132)
at org.testng.Assert.assertEquals(Assert.java:656)
at org.testng.Assert.assertEquals(Assert.java:666)
at helper.BaseClass.validateText(BaseClass.java:126)
at page.CheckOutPage.validatetext(CheckOutPage.java:33)
at stepDefination.CheckoutStep.validate_text(CheckoutStep.java:27)
at âœ½.validate checkout text(file:///D:/java%20eclipse/com.sharkNinja/src/test/java/features/CheckOut.feature:14)
]]>
    </failure>
  </testcase> <!-- runScenario -->
  <testcase classname="cucumber.options.TestRunner" name="runScenario" time="2.751"/>
  <testcase classname="cucumber.options.TestRunner" name="runScenario" time="2.825"/>
  <testcase classname="cucumber.options.TestRunner" name="runScenario" time="3.088"/>
  <testcase classname="cucumber.options.TestRunner" name="runScenario" time="3.437"/>
  <testcase classname="cucumber.options.TestRunner" name="runScenario" time="7.362"/>
  <testcase classname="cucumber.options.TestRunner" name="runScenario" time="6.237"/>
</testsuite> <!-- cucumber.options.TestRunner -->
